26.04.2017 01:44:47  [Thread-6  ] INFO by.epam.makarevich.entity.Van                                           - Van{number=4, state=UNLOADING_PERISHABLE}arrived at terminal 2
26.04.2017 01:44:47  [Thread-0  ] INFO by.epam.makarevich.entity.Van                                           - Van{number=10, state=UNLOADING_PERISHABLE}arrived at terminal 4
26.04.2017 01:44:47  [Thread-6  ] INFO by.epam.makarevich.entity.Van                                           - Van{number=4, state=UNLOADING_PERISHABLE} left terminal 2
26.04.2017 01:44:47  [Thread-0  ] INFO by.epam.makarevich.entity.Van                                           - Van{number=10, state=UNLOADING_PERISHABLE} left terminal 4
26.04.2017 01:44:47  [Thread-6  ] INFO by.epam.makarevich.base.Base                                            - Terminal number 2 is empty now
26.04.2017 01:44:47  [Thread-0  ] INFO by.epam.makarevich.base.Base                                            - Terminal number 4 is empty now
26.04.2017 01:44:49  [Thread-8  ] INFO by.epam.makarevich.state.VanState                                       - Van{number=2, state=LOADING}was arrived
26.04.2017 01:44:49  [Thread-8  ] INFO by.epam.makarevich.entity.Van                                           - Van{number=2, state=LOADING}arrived at terminal 3
26.04.2017 01:44:49  [Thread-8  ] INFO by.epam.makarevich.entity.Van                                           - Van{number=2, state=LOADING} left terminal 3
26.04.2017 01:44:49  [Thread-8  ] INFO by.epam.makarevich.base.Base                                            - Terminal number 3 is empty now
26.04.2017 01:44:49  [Thread-7  ] INFO by.epam.makarevich.state.VanState                                       - Van{number=3, state=LOADING}was arrived
26.04.2017 01:44:49  [Thread-7  ] INFO by.epam.makarevich.entity.Van                                           - Van{number=3, state=LOADING}arrived at terminal 1
26.04.2017 01:44:49  [Thread-7  ] INFO by.epam.makarevich.entity.Van                                           - Van{number=3, state=LOADING} left terminal 1
26.04.2017 01:44:49  [Thread-7  ] INFO by.epam.makarevich.base.Base                                            - Terminal number 1 is empty now
26.04.2017 01:44:49  [Thread-9  ] INFO by.epam.makarevich.state.VanState                                       - Van{number=1, state=UNLOADING_PERISHABLE}was arrived
26.04.2017 01:44:49  [Thread-9  ] INFO by.epam.makarevich.entity.Van                                           - Van{number=1, state=UNLOADING_PERISHABLE}arrived at terminal 4
26.04.2017 01:44:49  [Thread-9  ] INFO by.epam.makarevich.entity.Van                                           - Van{number=1, state=UNLOADING_PERISHABLE} left terminal 4
26.04.2017 01:44:49  [Thread-9  ] INFO by.epam.makarevich.base.Base                                            - Terminal number 4 is empty now
26.04.2017 01:44:51  [Thread-5  ] INFO by.epam.makarevich.state.VanState                                       - Van{number=5, state=LOADING}was arrived
26.04.2017 01:44:51  [Thread-5  ] INFO by.epam.makarevich.entity.Van                                           - Van{number=5, state=LOADING}arrived at terminal 2
26.04.2017 01:44:51  [Thread-5  ] INFO by.epam.makarevich.entity.Van                                           - Van{number=5, state=LOADING} left terminal 2
26.04.2017 01:44:51  [Thread-5  ] INFO by.epam.makarevich.base.Base                                            - Terminal number 2 is empty now
